2025-08-04 21:33:56,956 - PRTS - INFO - 开始测试基建导航功能...
2025-08-04 21:33:56,957 - PRTS - INFO - 请在3秒内唤出明日方舟游戏窗口，并确保主菜单可见...
2025-08-04 21:33:56,957 - PRTS - INFO - 当前模板匹配阈值: 0.6
2025-08-04 21:33:59,958 - PRTS - INFO - 正在尝试导航到基建...
2025-08-04 21:34:00,318 - PRTS - ERROR - 测试失败: 未找到元素 - 未找到匹配的模板: D:\code\python\PRTS\PRTS代理指挥\templates\main_menu_base_btn.png, 最大匹配值: 0.32845741510391235
2025-08-04 21:34:00,318 - PRTS - WARNING - 可能的原因: 游戏窗口未正确唤出、界面与模板不匹配或基建按钮不可见
2025-08-04 21:34:00,320 - PRTS - INFO - 测试完成
2025-08-04 21:34:00,321 - PRTS - INFO - 开始测试完成事项功能...
2025-08-04 21:34:00,321 - PRTS - INFO - 请确保已在基建界面，且通知按钮可见...
2025-08-04 21:34:00,321 - PRTS - INFO - 当前模板匹配阈值: 0.6
2025-08-04 21:34:03,322 - PRTS - INFO - 正在尝试完成事项...
2025-08-04 21:34:04,762 - PRTS - INFO - 成功点击通知按钮
2025-08-04 21:34:07,379 - PRTS - INFO - 成功点击位置 (447, 929)，第 1 次
2025-08-04 21:34:09,046 - PRTS - INFO - 成功点击位置 (447, 929)，第 2 次
2025-08-04 21:34:10,712 - PRTS - INFO - 成功点击位置 (447, 929)，第 3 次
2025-08-04 21:34:12,380 - PRTS - INFO - 成功点击位置 (447, 929)，第 4 次
2025-08-04 21:34:14,044 - PRTS - INFO - 成功点击位置 (447, 929)，第 5 次
2025-08-04 21:34:15,347 - PRTS - INFO - 成功按下Esc键
2025-08-04 21:34:15,348 - PRTS - INFO - 完成事项测试成功!
2025-08-04 21:34:15,348 - PRTS - INFO - 测试完成
2025-08-04 21:37:33,861 - PRTS - INFO - 开始测试基建导航功能...
2025-08-04 21:37:33,862 - PRTS - INFO - 请在3秒内唤出明日方舟游戏窗口，并确保主菜单可见...
2025-08-04 21:37:33,862 - PRTS - INFO - 当前模板匹配阈值: 0.6
2025-08-04 21:37:36,863 - PRTS - INFO - 正在尝试导航到基建...
2025-08-04 21:37:37,209 - PRTS - ERROR - 测试失败: 未找到元素 - 未找到匹配的模板: D:\code\python\PRTS\PRTS代理指挥\templates\main_menu_base_btn.png, 最大匹配值: 0.37274715304374695
2025-08-04 21:37:37,210 - PRTS - WARNING - 可能的原因: 游戏窗口未正确唤出、界面与模板不匹配或基建按钮不可见
2025-08-04 21:37:37,211 - PRTS - INFO - 测试完成
2025-08-04 21:37:37,212 - PRTS - INFO - 开始测试完成事项功能...
2025-08-04 21:37:37,212 - PRTS - INFO - 请确保已在基建界面，且通知按钮可见...
2025-08-04 21:37:37,212 - PRTS - INFO - 当前模板匹配阈值: 0.6
2025-08-04 21:37:40,213 - PRTS - INFO - 正在尝试完成事项...
2025-08-04 21:37:41,724 - PRTS - INFO - 成功点击通知按钮
2025-08-04 21:37:44,323 - PRTS - INFO - 成功点击位置 (372, 929)，第 1 次
2025-08-04 21:37:45,990 - PRTS - INFO - 成功点击位置 (372, 929)，第 2 次
2025-08-04 21:37:47,657 - PRTS - INFO - 成功点击位置 (372, 929)，第 3 次
2025-08-04 21:37:49,323 - PRTS - INFO - 成功点击位置 (372, 929)，第 4 次
2025-08-04 21:37:50,989 - PRTS - INFO - 成功点击位置 (372, 929)，第 5 次
2025-08-04 21:37:52,656 - PRTS - INFO - 成功点击关闭位置 (101, 829)，退出待办事项
2025-08-04 21:37:52,657 - PRTS - INFO - 完成事项测试成功!
2025-08-04 21:37:52,657 - PRTS - INFO - 测试完成
2025-08-04 21:44:55,134 - PRTS - INFO - 开始测试基建导航功能...
2025-08-04 21:44:55,134 - PRTS - INFO - 请在3秒内唤出明日方舟游戏窗口，并确保主菜单可见...
2025-08-04 21:44:55,135 - PRTS - INFO - 当前模板匹配阈值: 0.6
2025-08-04 21:44:58,136 - PRTS - INFO - 正在尝试导航到基建...
2025-08-04 21:44:59,679 - PRTS - INFO - 成功导航到基建
2025-08-04 21:45:04,682 - PRTS - INFO - 基建导航测试成功!
2025-08-04 21:45:04,682 - PRTS - INFO - 测试完成
2025-08-04 21:45:04,682 - PRTS - INFO - 开始测试完成事项功能...
2025-08-04 21:45:04,682 - PRTS - INFO - 请确保已在基建界面，且通知按钮可见...
2025-08-04 21:45:04,683 - PRTS - INFO - 当前模板匹配阈值: 0.6
2025-08-04 21:45:07,684 - PRTS - INFO - 正在尝试完成事项...
2025-08-04 21:45:09,129 - PRTS - INFO - 成功点击通知按钮
2025-08-04 21:45:11,663 - PRTS - INFO - 成功点击位置 (372, 929)，第 1 次
2025-08-04 21:45:13,330 - PRTS - INFO - 成功点击位置 (372, 929)，第 2 次
2025-08-04 21:45:14,996 - PRTS - INFO - 成功点击位置 (372, 929)，第 3 次
2025-08-04 21:45:16,662 - PRTS - INFO - 成功点击位置 (372, 929)，第 4 次
2025-08-04 21:45:18,329 - PRTS - INFO - 成功点击位置 (372, 929)，第 5 次
2025-08-04 21:45:19,997 - PRTS - INFO - 成功点击关闭位置 (101, 829)，退出待办事项
2025-08-04 21:45:19,998 - PRTS - INFO - 完成事项测试成功!
2025-08-04 21:45:19,998 - PRTS - INFO - 测试完成
2025-08-04 21:45:39,964 - PRTS - INFO - 开始测试基建导航功能...
2025-08-04 21:45:39,965 - PRTS - INFO - 请在3秒内唤出明日方舟游戏窗口，并确保主菜单可见...
2025-08-04 21:45:39,965 - PRTS - INFO - 当前模板匹配阈值: 0.6
2025-08-04 21:45:42,966 - PRTS - INFO - 正在尝试导航到基建...
2025-08-04 21:45:43,311 - PRTS - ERROR - 测试失败: 未找到元素 - 未找到匹配的模板: D:\code\python\PRTS\PRTS代理指挥\templates\main_menu_base_btn.png, 最大匹配值: 0.372745156288147
2025-08-04 21:45:43,312 - PRTS - WARNING - 可能的原因: 游戏窗口未正确唤出、界面与模板不匹配或基建按钮不可见
2025-08-04 21:45:43,314 - PRTS - INFO - 测试完成
2025-08-04 21:45:43,315 - PRTS - INFO - 开始测试完成事项功能...
2025-08-04 21:45:43,315 - PRTS - INFO - 请确保已在基建界面，且通知按钮可见...
2025-08-04 21:45:43,316 - PRTS - INFO - 当前模板匹配阈值: 0.6
2025-08-04 21:45:46,317 - PRTS - INFO - 正在尝试完成事项...
2025-08-04 21:45:47,745 - PRTS - INFO - 成功点击通知按钮
2025-08-04 21:45:50,160 - PRTS - INFO - 成功点击位置 (939, 1316)，第 1 次
2025-08-04 21:45:51,829 - PRTS - INFO - 成功点击位置 (939, 1316)，第 2 次
2025-08-04 21:45:53,495 - PRTS - INFO - 成功点击位置 (939, 1316)，第 3 次
2025-08-04 21:45:55,161 - PRTS - INFO - 成功点击位置 (939, 1316)，第 4 次
2025-08-04 21:45:56,828 - PRTS - INFO - 成功点击位置 (939, 1316)，第 5 次
2025-08-04 21:45:58,495 - PRTS - INFO - 成功点击关闭位置 (668, 1216)，退出待办事项
2025-08-04 21:45:58,496 - PRTS - INFO - 完成事项测试成功!
2025-08-04 21:45:58,496 - PRTS - INFO - 测试完成
