2025-08-08 00:49:05,968 - PRTS - INFO - 开始执行自动剿灭作战功能...
2025-08-08 00:49:05,980 - PRTS - INFO - 轮次: 1, 最大模式: False, 模板匹配阈值: 0.25
2025-08-08 00:49:13,927 - easyocr.easyocr - WARNING - Neither CUDA nor MPS are available - defaulting to CPU. Note: This module is much faster with a GPU.
2025-08-08 00:49:16,353 - PRTS - INFO - 正在导航到作战界面...
2025-08-08 00:49:18,190 - PRTS - INFO - 成功导航到作战界面
2025-08-08 00:49:20,204 - PRTS - INFO - 正在导航到常态事务...
2025-08-08 00:49:21,939 - PRTS - INFO - 成功导航到常态事务
2025-08-08 00:49:23,958 - PRTS - INFO - 正在导航到剿灭作战...
2025-08-08 00:49:25,691 - PRTS - INFO - 成功导航到剿灭作战
2025-08-08 00:49:27,715 - PRTS - INFO - 正在导航到龙门外环...
2025-08-08 00:49:29,406 - PRTS - INFO - 成功点击longmen_01
2025-08-08 00:49:31,939 - PRTS - INFO - 已记录longmen_02坐标: (833, 400)
2025-08-08 00:49:33,158 - PRTS - INFO - 成功点击longmen_02向右偏移425像素的位置
2025-08-08 00:49:36,375 - PRTS - INFO - 成功点击longmen_02向上偏移100像素的位置
2025-08-08 00:49:36,403 - PRTS - INFO - 成功导航到龙门外环
2025-08-08 00:49:38,411 - PRTS - INFO - 正在检查并启用代理指挥...
2025-08-08 00:49:38,986 - PRTS - INFO - 代理指挥已经启用
2025-08-08 00:49:41,009 - PRTS - INFO - 开始作战循环，轮次: 1, 最大模式: False
2025-08-08 00:49:41,520 - PRTS - INFO - 找到剩余理智模板，位置: (1699, 304)，大小: (124, 55)
2025-08-08 00:49:41,576 - PRTS - INFO - 更新剩余理智区域坐标: (1954, 286, 2099, 331)
2025-08-08 00:49:41,642 - PRTS - INFO - 已保存剩余理智调试图像到: logs\remaining_sanity_debug.png
2025-08-08 00:49:42,078 - PRTS - INFO - 识别到的原始文本: '166'
2025-08-08 00:49:42,093 - PRTS - INFO - 识别到剩余理智数量: 166
2025-08-08 00:49:42,126 - PRTS - INFO - 消耗理智数量固定为25
2025-08-08 00:49:42,609 - PRTS - INFO - 找到剩余理智模板，位置: (1699, 304)，大小: (124, 55)
2025-08-08 00:49:42,646 - PRTS - INFO - 更新剩余理智区域坐标: (1954, 286, 2099, 331)
2025-08-08 00:49:42,663 - PRTS - INFO - 已保存剩余理智调试图像到: logs\remaining_sanity_debug.png
2025-08-08 00:49:42,832 - PRTS - INFO - 识别到的原始文本: '166'
2025-08-08 00:49:42,844 - PRTS - INFO - 识别到剩余理智数量: 166
2025-08-08 00:49:42,860 - PRTS - INFO - 消耗理智数量固定为25
2025-08-08 00:49:42,880 - PRTS - INFO - 计算可执行次数: 6 (剩余理智: 166, 消耗理智: 25)
2025-08-08 00:49:42,905 - PRTS - INFO - 剩余理智: 166, 消耗理智: 25, 可执行次数: 6
2025-08-08 00:49:42,935 - PRTS - INFO - 开始第 1/1 轮作战
2025-08-08 00:49:42,962 - PRTS - INFO - 步骤1: 尝试点击开始行动按钮模板
2025-08-08 00:49:44,640 - PRTS - INFO - 成功点击开始行动按钮位置: (1955, 1070)
2025-08-08 00:49:45,671 - PRTS - INFO - 步骤2: 尝试点击开始行动按钮
2025-08-08 00:49:47,308 - PRTS - INFO - 成功点击开始行动按钮位置: (1904, 891)
2025-08-08 00:49:49,316 - PRTS - INFO - 等待作战简报模板出现
2025-08-08 00:49:51,175 - PRTS - INFO - 成功点击作战简报模板位置: (104, 110)
2025-08-08 00:49:57,275 - PRTS - INFO - 正在查找行动结束
2025-08-08 00:49:57,598 - PRTS - INFO - 第 1/1 轮作战完成
2025-08-08 00:50:02,613 - PRTS - INFO - 准备返回首页
2025-08-08 00:50:04,210 - PRTS - INFO - 成功点击顶部栏
2025-08-08 00:50:07,127 - PRTS - INFO - 成功点击首页按钮，返回首页
2025-08-08 00:50:08,151 - PRTS - INFO - 自动化剿灭作战流程已完成
2025-08-08 00:50:08,198 - PRTS - INFO - 自动剿灭作战完成，共执行 1 轮
